Compilation failed:
    source file: '/Users/Clemsut/opencv/cmake/checks/cxx11.cpp'
    check option: ''
===== BUILD LOG =====
Change Dir: /Users/Clemsut/Desktop/facerec/opencv/build_wasm/CMakeFiles/CMakeTmp

Run Build Command:"/usr/bin/make" "cmTC_0932f/fast"
/Applications/Xcode.app/Contents/Developer/usr/bin/make -f CMakeFiles/cmTC_0932f.dir/build.make CMakeFiles/cmTC_0932f.dir/build
Building CXX object CMakeFiles/cmTC_0932f.dir/cxx11.cpp.o
/Users/Clemsut/emsdk/emscripten/incoming/em++    -s WASM=1   -fPIE   -o CMakeFiles/cmTC_0932f.dir/cxx11.cpp.o -c /Users/Clemsut/opencv/cmake/checks/cxx11.cpp
/Users/Clemsut/opencv/cmake/checks/cxx11.cpp:4:2: error: "C++11 is not supported"
#error "C++11 is not supported"
 ^
/Users/Clemsut/opencv/cmake/checks/cxx11.cpp:11:5: warning: 'auto' type specifier is a C++11 extension [-Wc++11-extensions]
    auto res = test();
    ^
1 warning and 1 error generated.
ERROR:root:compiler frontend failed to generate LLVM bitcode, halting
make[1]: *** [CMakeFiles/cmTC_0932f.dir/cxx11.cpp.o] Error 1
make: *** [cmTC_0932f/fast] Error 2

===== END =====

Compilation failed:
    source file: '/Users/Clemsut/Desktop/facerec/opencv/build_wasm/CMakeFiles/CMakeTmp/src.cxx'
    check option: ' -fsigned-char -W -Wall -Werror=return-type -Werror=non-virtual-dtor -Werror=address -Werror=sequence-point -Wformat -Werror=format-security -Wmissing-declarations -Wmissing-prototypes -Wstrict-prototypes -Wundef -Winit-self -Wpointer-arith -Wshadow -Wsign-promo -Wuninitialized -Winit-self -Wno-narrowing -Wno-delete-non-virtual-dtor -Wno-unnamed-type-template-args -Wno-comment -Wno-implicit-fallthrough -fdiagnostics-show-option -pthread -Qunused-arguments -fomit-frame-pointer -ffunction-sections -fdata-sections   -mfpmath=387'
===== BUILD LOG =====
Change Dir: /Users/Clemsut/Desktop/facerec/opencv/build_wasm/CMakeFiles/CMakeTmp

Run Build Command:"/usr/bin/make" "cmTC_f4a4c/fast"
/Applications/Xcode.app/Contents/Developer/usr/bin/make -f CMakeFiles/cmTC_f4a4c.dir/build.make CMakeFiles/cmTC_f4a4c.dir/build
Building CXX object CMakeFiles/cmTC_f4a4c.dir/src.cxx.o
/Users/Clemsut/emsdk/emscripten/incoming/em++    -s WASM=1   -DNDEBUG -O2 -fPIE   -fsigned-char -W -Wall -Werror=return-type -Werror=non-virtual-dtor -Werror=address -Werror=sequence-point -Wformat -Werror=format-security -Wmissing-declarations -Wmissing-prototypes -Wstrict-prototypes -Wundef -Winit-self -Wpointer-arith -Wshadow -Wsign-promo -Wuninitialized -Winit-self -Wno-narrowing -Wno-delete-non-virtual-dtor -Wno-unnamed-type-template-args -Wno-comment -Wno-implicit-fallthrough -fdiagnostics-show-option -pthread -Qunused-arguments -fomit-frame-pointer -ffunction-sections -fdata-sections -mfpmath=387 -o CMakeFiles/cmTC_f4a4c.dir/src.cxx.o -c /Users/Clemsut/Desktop/facerec/opencv/build_wasm/CMakeFiles/CMakeTmp/src.cxx
error: unknown FP unit '387'
ERROR:root:compiler frontend failed to generate LLVM bitcode, halting
make[1]: *** [CMakeFiles/cmTC_f4a4c.dir/src.cxx.o] Error 1
make: *** [cmTC_f4a4c/fast] Error 2

===== END =====

Compilation failed:
    source file: '/Users/Clemsut/Desktop/facerec/opencv/build_wasm/CMakeFiles/CMakeTmp/src.c'
    check option: ' -fsigned-char -W -Wall -Werror=return-type -Werror=non-virtual-dtor -Werror=address -Werror=sequence-point -Wformat -Werror=format-security -Wmissing-declarations -Wmissing-prototypes -Wstrict-prototypes -Wundef -Winit-self -Wpointer-arith -Wshadow -Wsign-promo -Wuninitialized -Winit-self -Wno-narrowing -Wno-delete-non-virtual-dtor -Wno-unnamed-type-template-args -Wno-comment -Wno-implicit-fallthrough -fdiagnostics-show-option -pthread -Qunused-arguments -fomit-frame-pointer -ffunction-sections -fdata-sections   -mfpmath=387'
===== BUILD LOG =====
Change Dir: /Users/Clemsut/Desktop/facerec/opencv/build_wasm/CMakeFiles/CMakeTmp

Run Build Command:"/usr/bin/make" "cmTC_8c751/fast"
/Applications/Xcode.app/Contents/Developer/usr/bin/make -f CMakeFiles/cmTC_8c751.dir/build.make CMakeFiles/cmTC_8c751.dir/build
Building C object CMakeFiles/cmTC_8c751.dir/src.c.o
/Users/Clemsut/emsdk/emscripten/incoming/emcc   -s WASM=1   -DNDEBUG -O2 -fPIE   -fsigned-char -W -Wall -Werror=return-type -Werror=non-virtual-dtor -Werror=address -Werror=sequence-point -Wformat -Werror=format-security -Wmissing-declarations -Wmissing-prototypes -Wstrict-prototypes -Wundef -Winit-self -Wpointer-arith -Wshadow -Wsign-promo -Wuninitialized -Winit-self -Wno-narrowing -Wno-delete-non-virtual-dtor -Wno-unnamed-type-template-args -Wno-comment -Wno-implicit-fallthrough -fdiagnostics-show-option -pthread -Qunused-arguments -fomit-frame-pointer -ffunction-sections -fdata-sections -mfpmath=387 -o CMakeFiles/cmTC_8c751.dir/src.c.o   -c /Users/Clemsut/Desktop/facerec/opencv/build_wasm/CMakeFiles/CMakeTmp/src.c
error: unknown FP unit '387'
ERROR:root:compiler frontend failed to generate LLVM bitcode, halting
make[1]: *** [CMakeFiles/cmTC_8c751.dir/src.c.o] Error 1
make: *** [cmTC_8c751/fast] Error 2

===== END =====

Determining size of off64_t failed with the following output:
Change Dir: /Users/Clemsut/Desktop/facerec/opencv/build_wasm/CMakeFiles/CMakeTmp

Run Build Command:"/usr/bin/make" "cmTC_9714c/fast"
/Applications/Xcode.app/Contents/Developer/usr/bin/make -f CMakeFiles/cmTC_9714c.dir/build.make CMakeFiles/cmTC_9714c.dir/build
Building C object CMakeFiles/cmTC_9714c.dir/OFF64_T.c.o
/Users/Clemsut/emsdk/emscripten/incoming/emcc   -s WASM=1    -fsigned-char -W -Wall -Werror=return-type -Werror=non-virtual-dtor -Werror=address -Werror=sequence-point -Wformat -Werror=format-security -Wmissing-declarations -Wmissing-prototypes -Wstrict-prototypes -Wundef -Winit-self -Wpointer-arith -Wshadow -Wsign-promo -Wuninitialized -Winit-self -Wno-narrowing -Wno-delete-non-virtual-dtor -Wno-unnamed-type-template-args -Wno-comment -Wno-implicit-fallthrough -fdiagnostics-show-option -pthread -Qunused-arguments -fomit-frame-pointer -ffunction-sections -fdata-sections  -fvisibility=hidden -fvisibility-inlines-hidden -s ERROR_ON_UNDEFINED_SYMBOLS=1 -DNDEBUG -O2 -fPIE   -o CMakeFiles/cmTC_9714c.dir/OFF64_T.c.o   -c /Users/Clemsut/Desktop/facerec/opencv/build_wasm/CMakeFiles/CheckTypeSize/OFF64_T.c
/Users/Clemsut/Desktop/facerec/opencv/build_wasm/CMakeFiles/CheckTypeSize/OFF64_T.c:19:12: error: use of undeclared identifier 'off64_t'
  ('0' + ((SIZE / 10000)%10)),
           ^
/Users/Clemsut/Desktop/facerec/opencv/build_wasm/CMakeFiles/CheckTypeSize/OFF64_T.c:17:22: note: expanded from macro 'SIZE'
#define SIZE (sizeof(off64_t))
                     ^
/Users/Clemsut/Desktop/facerec/opencv/build_wasm/CMakeFiles/CheckTypeSize/OFF64_T.c:20:12: error: use of undeclared identifier 'off64_t'
  ('0' + ((SIZE / 1000)%10)),
           ^
/Users/Clemsut/Desktop/facerec/opencv/build_wasm/CMakeFiles/CheckTypeSize/OFF64_T.c:17:22: note: expanded from macro 'SIZE'
#define SIZE (sizeof(off64_t))
                     ^
/Users/Clemsut/Desktop/facerec/opencv/build_wasm/CMakeFiles/CheckTypeSize/OFF64_T.c:21:12: error: use of undeclared identifier 'off64_t'
  ('0' + ((SIZE / 100)%10)),
           ^
/Users/Clemsut/Desktop/facerec/opencv/build_wasm/CMakeFiles/CheckTypeSize/OFF64_T.c:17:22: note: expanded from macro 'SIZE'
#define SIZE (sizeof(off64_t))
                     ^
/Users/Clemsut/Desktop/facerec/opencv/build_wasm/CMakeFiles/CheckTypeSize/OFF64_T.c:22:12: error: use of undeclared identifier 'off64_t'
  ('0' + ((SIZE / 10)%10)),
           ^
/Users/Clemsut/Desktop/facerec/opencv/build_wasm/CMakeFiles/CheckTypeSize/OFF64_T.c:17:22: note: expanded from macro 'SIZE'
#define SIZE (sizeof(off64_t))
                     ^
/Users/Clemsut/Desktop/facerec/opencv/build_wasm/CMakeFiles/CheckTypeSize/OFF64_T.c:23:12: error: use of undeclared identifier 'off64_t'
  ('0' +  (SIZE    % 10)),
           ^
/Users/Clemsut/Desktop/facerec/opencv/build_wasm/CMakeFiles/CheckTypeSize/OFF64_T.c:17:22: note: expanded from macro 'SIZE'
#define SIZE (sizeof(off64_t))
                     ^
/Users/Clemsut/Desktop/facerec/opencv/build_wasm/CMakeFiles/CheckTypeSize/OFF64_T.c:39:10: error: use of undeclared identifier 'off64_t'
  return SIZE;
         ^
/Users/Clemsut/Desktop/facerec/opencv/build_wasm/CMakeFiles/CheckTypeSize/OFF64_T.c:17:22: note: expanded from macro 'SIZE'
#define SIZE (sizeof(off64_t))
                     ^
6 errors generated.
ERROR:root:compiler frontend failed to generate LLVM bitcode, halting
make[1]: *** [CMakeFiles/cmTC_9714c.dir/OFF64_T.c.o] Error 1
make: *** [cmTC_9714c/fast] Error 2

/Users/Clemsut/Desktop/facerec/opencv/build_wasm/CMakeFiles/CheckTypeSize/OFF64_T.c:
#include <sys/types.h>
#include <stdint.h>
#include <stddef.h>


#undef KEY
#if defined(__i386)
# define KEY '_','_','i','3','8','6'
#elif defined(__x86_64)
# define KEY '_','_','x','8','6','_','6','4'
#elif defined(__ppc__)
# define KEY '_','_','p','p','c','_','_'
#elif defined(__ppc64__)
# define KEY '_','_','p','p','c','6','4','_','_'
#endif

#define SIZE (sizeof(off64_t))
char info_size[] =  {'I', 'N', 'F', 'O', ':', 's','i','z','e','[',
  ('0' + ((SIZE / 10000)%10)),
  ('0' + ((SIZE / 1000)%10)),
  ('0' + ((SIZE / 100)%10)),
  ('0' + ((SIZE / 10)%10)),
  ('0' +  (SIZE    % 10)),
  ']',
#ifdef KEY
  ' ','k','e','y','[', KEY, ']',
#endif
  '\0'};

#ifdef __CLASSIC_C__
int main(argc, argv) int argc; char *argv[];
#else
int main(int argc, char *argv[])
#endif
{
  int require = 0;
  require += info_size[argc];
  (void)argv;
  return SIZE;
}


Build output check failed:
    Regex: 'unknown .*option'
    Output line: 'warning: unknown warning option '-Wno-enum-compare-switch', did you mean '-Wno-enum-compare'? [-Wunknown-warning-option]'
Compilation failed:
    source file: '/Users/Clemsut/Desktop/facerec/opencv/build_wasm/CMakeFiles/CMakeTmp/src.cxx'
    check option: ' -Wno-enum-compare-switch'
===== BUILD LOG =====
Change Dir: /Users/Clemsut/Desktop/facerec/opencv/build_wasm/CMakeFiles/CMakeTmp

Run Build Command:"/usr/bin/make" "cmTC_17b08/fast"
/Applications/Xcode.app/Contents/Developer/usr/bin/make -f CMakeFiles/cmTC_17b08.dir/build.make CMakeFiles/cmTC_17b08.dir/build
Building CXX object CMakeFiles/cmTC_17b08.dir/src.cxx.o
/Users/Clemsut/emsdk/emscripten/incoming/em++    -s WASM=1    -fsigned-char -W -Wall -Werror=return-type -Werror=non-virtual-dtor -Werror=address -Werror=sequence-point -Wformat -Werror=format-security   -Wstrict-prototypes  -Winit-self -Wpointer-arith   -Wuninitialized -Winit-self -Wno-narrowing -Wno-delete-non-virtual-dtor -Wno-unnamed-type-template-args -Wno-comment -Wno-implicit-fallthrough -fdiagnostics-show-option -pthread -Qunused-arguments -fomit-frame-pointer -ffunction-sections -fdata-sections  -fvisibility=hidden -fvisibility-inlines-hidden -Wno-deprecated -Wno-missing-prototypes -Wno-missing-declarations -Wno-shadow -Wno-unused-parameter -Wno-unused-local-typedefs -Wno-sign-compare -Wno-sign-promo -Wno-undef -Wno-tautological-undefined-compare -Wno-ignored-qualifiers -Wno-extra -Wno-unused-function -Wno-unused-const-variable -Wno-shorten-64-to-32 -Wno-invalid-offsetof  -DNDEBUG -O2 -fPIE   -Wno-enum-compare-switch -o CMakeFiles/cmTC_17b08.dir/src.cxx.o -c /Users/Clemsut/Desktop/facerec/opencv/build_wasm/CMakeFiles/CMakeTmp/src.cxx
warning: unknown warning option '-Wno-enum-compare-switch'; did you mean '-Wno-enum-compare'? [-Wunknown-warning-option]
/Users/Clemsut/Desktop/facerec/opencv/build_wasm/CMakeFiles/CMakeTmp/src.cxx:1:8: warning: unknown pragma ignored [-Wunknown-pragmas]
#pragma
       ^
2 warnings generated.
Linking CXX executable cmTC_17b08.js
/usr/local/Cellar/cmake/3.11.0/bin/cmake -E cmake_link_script CMakeFiles/cmTC_17b08.dir/link.txt --verbose=1
/Users/Clemsut/emsdk/emscripten/incoming/em++  -s WASM=1    -fsigned-char -W -Wall -Werror=return-type -Werror=non-virtual-dtor -Werror=address -Werror=sequence-point -Wformat -Werror=format-security   -Wstrict-prototypes  -Winit-self -Wpointer-arith   -Wuninitialized -Winit-self -Wno-narrowing -Wno-delete-non-virtual-dtor -Wno-unnamed-type-template-args -Wno-comment -Wno-implicit-fallthrough -fdiagnostics-show-option -pthread -Qunused-arguments -fomit-frame-pointer -ffunction-sections -fdata-sections  -fvisibility=hidden -fvisibility-inlines-hidden -Wno-deprecated -Wno-missing-prototypes -Wno-missing-declarations -Wno-shadow -Wno-unused-parameter -Wno-unused-local-typedefs -Wno-sign-compare -Wno-sign-promo -Wno-undef -Wno-tautological-undefined-compare -Wno-ignored-qualifiers -Wno-extra -Wno-unused-function -Wno-unused-const-variable -Wno-shorten-64-to-32 -Wno-invalid-offsetof  -DNDEBUG -O2    -Wl,--gc-sections  -O2 @CMakeFiles/cmTC_17b08.dir/objects1.rsp  -o cmTC_17b08.js 

===== END =====

Build output check failed:
    Regex: 'unknown .*option'
    Output line: 'warning: unknown warning option '-Wno-maybe-uninitialized', did you mean '-Wno-uninitialized'? [-Wunknown-warning-option]'
Compilation failed:
    source file: '/Users/Clemsut/Desktop/facerec/opencv/build_wasm/CMakeFiles/CMakeTmp/src.cxx'
    check option: ' -Wno-maybe-uninitialized'
===== BUILD LOG =====
Change Dir: /Users/Clemsut/Desktop/facerec/opencv/build_wasm/CMakeFiles/CMakeTmp

Run Build Command:"/usr/bin/make" "cmTC_60f9b/fast"
/Applications/Xcode.app/Contents/Developer/usr/bin/make -f CMakeFiles/cmTC_60f9b.dir/build.make CMakeFiles/cmTC_60f9b.dir/build
Building CXX object CMakeFiles/cmTC_60f9b.dir/src.cxx.o
/Users/Clemsut/emsdk/emscripten/incoming/em++    -s WASM=1    -fsigned-char -W -Wall -Werror=return-type -Werror=non-virtual-dtor -Werror=address -Werror=sequence-point -Wformat -Werror=format-security -Wmissing-declarations -Wmissing-prototypes -Wstrict-prototypes -Wundef -Winit-self -Wpointer-arith -Wshadow -Wsign-promo -Wuninitialized -Winit-self -Wno-narrowing -Wno-delete-non-virtual-dtor -Wno-unnamed-type-template-args -Wno-comment -Wno-implicit-fallthrough -fdiagnostics-show-option -pthread -Qunused-arguments -fomit-frame-pointer -ffunction-sections -fdata-sections  -fvisibility=hidden -fvisibility-inlines-hidden -Wno-shadow -Wno-parentheses  -DNDEBUG -O2 -fPIE   -Wno-maybe-uninitialized -o CMakeFiles/cmTC_60f9b.dir/src.cxx.o -c /Users/Clemsut/Desktop/facerec/opencv/build_wasm/CMakeFiles/CMakeTmp/src.cxx
warning: unknown warning option '-Wno-maybe-uninitialized'; did you mean '-Wno-uninitialized'? [-Wunknown-warning-option]
/Users/Clemsut/Desktop/facerec/opencv/build_wasm/CMakeFiles/CMakeTmp/src.cxx:1:8: warning: unknown pragma ignored [-Wunknown-pragmas]
#pragma
       ^
2 warnings generated.
Linking CXX executable cmTC_60f9b.js
/usr/local/Cellar/cmake/3.11.0/bin/cmake -E cmake_link_script CMakeFiles/cmTC_60f9b.dir/link.txt --verbose=1
/Users/Clemsut/emsdk/emscripten/incoming/em++  -s WASM=1    -fsigned-char -W -Wall -Werror=return-type -Werror=non-virtual-dtor -Werror=address -Werror=sequence-point -Wformat -Werror=format-security -Wmissing-declarations -Wmissing-prototypes -Wstrict-prototypes -Wundef -Winit-self -Wpointer-arith -Wshadow -Wsign-promo -Wuninitialized -Winit-self -Wno-narrowing -Wno-delete-non-virtual-dtor -Wno-unnamed-type-template-args -Wno-comment -Wno-implicit-fallthrough -fdiagnostics-show-option -pthread -Qunused-arguments -fomit-frame-pointer -ffunction-sections -fdata-sections  -fvisibility=hidden -fvisibility-inlines-hidden -Wno-shadow -Wno-parentheses  -DNDEBUG -O2    -Wl,--gc-sections  -O2 @CMakeFiles/cmTC_60f9b.dir/objects1.rsp  -o cmTC_60f9b.js 

===== END =====

