Compilation failed:
    source file: '/Users/Clemsut/opencv/cmake/checks/cxx11.cpp'
    check option: ''
===== BUILD LOG =====
Change Dir: /Users/Clemsut/Desktop/facerec/opencv/CMakeFiles/CMakeTmp

Run Build Command:"/usr/bin/make" "cmTC_aca2a/fast"
/Applications/Xcode.app/Contents/Developer/usr/bin/make -f CMakeFiles/cmTC_aca2a.dir/build.make CMakeFiles/cmTC_aca2a.dir/build
Building CXX object CMakeFiles/cmTC_aca2a.dir/cxx11.cpp.o
/Users/Clemsut/emsdk/emscripten/1.37.36/em++    -fPIE   -o CMakeFiles/cmTC_aca2a.dir/cxx11.cpp.o -c /Users/Clemsut/opencv/cmake/checks/cxx11.cpp
/Users/Clemsut/opencv/cmake/checks/cxx11.cpp:4:2: error: "C++11 is not supported"
#error "C++11 is not supported"
 ^
/Users/Clemsut/opencv/cmake/checks/cxx11.cpp:11:5: warning: 'auto' type specifier is a C++11 extension [-Wc++11-extensions]
    auto res = test();
    ^
1 warning and 1 error generated.
ERROR:root:compiler frontend failed to generate LLVM bitcode, halting
make[1]: *** [CMakeFiles/cmTC_aca2a.dir/cxx11.cpp.o] Error 1
make: *** [cmTC_aca2a/fast] Error 2

===== END =====

Compilation failed:
    source file: '/Users/Clemsut/opencv/cmake/checks/cxx11.cpp'
    check option: ''
===== BUILD LOG =====
Change Dir: /Users/Clemsut/Desktop/facerec/opencv/CMakeFiles/CMakeTmp

Run Build Command:"/usr/bin/make" "cmTC_68981/fast"
/Applications/Xcode.app/Contents/Developer/usr/bin/make -f CMakeFiles/cmTC_68981.dir/build.make CMakeFiles/cmTC_68981.dir/build
Building CXX object CMakeFiles/cmTC_68981.dir/cxx11.cpp.o
/Users/Clemsut/emsdk/emscripten/1.37.36/em++    -fPIE   -o CMakeFiles/cmTC_68981.dir/cxx11.cpp.o -c /Users/Clemsut/opencv/cmake/checks/cxx11.cpp
/Users/Clemsut/opencv/cmake/checks/cxx11.cpp:4:2: error: "C++11 is not supported"
#error "C++11 is not supported"
 ^
/Users/Clemsut/opencv/cmake/checks/cxx11.cpp:11:5: warning: 'auto' type specifier is a C++11 extension [-Wc++11-extensions]
    auto res = test();
    ^
1 warning and 1 error generated.
ERROR:root:compiler frontend failed to generate LLVM bitcode, halting
make[1]: *** [CMakeFiles/cmTC_68981.dir/cxx11.cpp.o] Error 1
make: *** [cmTC_68981/fast] Error 2

===== END =====

